Server URL         : http://localhost:8865/
Server Root        : /tmp/mod_wsgi-localhost:8865:1001
Server Conf        : /tmp/mod_wsgi-localhost:8865:1001/httpd.conf
Error Log File     : /tmp/mod_wsgi-localhost:8865:1001/error_log (warn)
Request Capacity   : 5 (1 process * 5 threads)
Request Timeout    : 60 (seconds)
Startup Timeout    : 15 (seconds)
Queue Backlog      : 100 (connections)
Queue Timeout      : 45 (seconds)
Server Capacity    : 20 (event/worker), 20 (prefork)
Server Backlog     : 500 (connections)
Locale Setting     : en_US.UTF-8
Server URL         : http://localhost:8865/
Server Root        : /tmp/mod_wsgi-localhost:8865:1001
Server Conf        : /tmp/mod_wsgi-localhost:8865:1001/httpd.conf
Error Log File     : /tmp/mod_wsgi-localhost:8865:1001/error_log (warn)
Request Capacity   : 5 (1 process * 5 threads)
Request Timeout    : 60 (seconds)
Startup Timeout    : 15 (seconds)
Queue Backlog      : 100 (connections)
Queue Timeout      : 45 (seconds)
Server Capacity    : 20 (event/worker), 20 (prefork)
Server Backlog     : 500 (connections)
Locale Setting     : en_US.UTF-8
Server URL         : http://localhost:8865/
Server Root        : /tmp/mod_wsgi-localhost:8865:1001
Server Conf        : /tmp/mod_wsgi-localhost:8865:1001/httpd.conf
Error Log File     : /tmp/mod_wsgi-localhost:8865:1001/error_log (warn)
Request Capacity   : 5 (1 process * 5 threads)
Request Timeout    : 60 (seconds)
Startup Timeout    : 15 (seconds)
Queue Backlog      : 100 (connections)
Queue Timeout      : 45 (seconds)
Server Capacity    : 20 (event/worker), 20 (prefork)
Server Backlog     : 500 (connections)
Locale Setting     : en_US.UTF-8
Server URL         : http://localhost:8865/
Server Root        : /tmp/mod_wsgi-localhost:8865:1001
Server Conf        : /tmp/mod_wsgi-localhost:8865:1001/httpd.conf
Error Log File     : /tmp/mod_wsgi-localhost:8865:1001/error_log (warn)
Request Capacity   : 5 (1 process * 5 threads)
Request Timeout    : 60 (seconds)
Startup Timeout    : 15 (seconds)
Queue Backlog      : 100 (connections)
Queue Timeout      : 45 (seconds)
Server Capacity    : 20 (event/worker), 20 (prefork)
Server Backlog     : 500 (connections)
Locale Setting     : en_US.UTF-8
httpd (pid 32028) already running
Server URL         : http://localhost:8865/
Server Root        : /tmp/mod_wsgi-localhost:8865:1001
Server Conf        : /tmp/mod_wsgi-localhost:8865:1001/httpd.conf
Error Log File     : /tmp/mod_wsgi-localhost:8865:1001/error_log (warn)
Request Capacity   : 5 (1 process * 5 threads)
Request Timeout    : 60 (seconds)
Startup Timeout    : 15 (seconds)
Queue Backlog      : 100 (connections)
Queue Timeout      : 45 (seconds)
Server Capacity    : 20 (event/worker), 20 (prefork)
Server Backlog     : 500 (connections)
Locale Setting     : en_US.UTF-8
Server URL         : http://localhost:8865/
Server Root        : /tmp/mod_wsgi-localhost:8865:1001
Server Conf        : /tmp/mod_wsgi-localhost:8865:1001/httpd.conf
Error Log File     : /tmp/mod_wsgi-localhost:8865:1001/error_log (warn)
Request Capacity   : 5 (1 process * 5 threads)
Request Timeout    : 60 (seconds)
Startup Timeout    : 15 (seconds)
Queue Backlog      : 100 (connections)
Queue Timeout      : 45 (seconds)
Server Capacity    : 20 (event/worker), 20 (prefork)
Server Backlog     : 500 (connections)
Locale Setting     : en_US.UTF-8
Server URL         : http://localhost:8865/
Server Root        : /tmp/mod_wsgi-localhost:8865:1001
Server Conf        : /tmp/mod_wsgi-localhost:8865:1001/httpd.conf
Error Log File     : /tmp/mod_wsgi-localhost:8865:1001/error_log (warn)
Request Capacity   : 5 (1 process * 5 threads)
Request Timeout    : 60 (seconds)
Startup Timeout    : 15 (seconds)
Queue Backlog      : 100 (connections)
Queue Timeout      : 45 (seconds)
Server Capacity    : 20 (event/worker), 20 (prefork)
Server Backlog     : 500 (connections)
Locale Setting     : en_US.UTF-8
httpd (pid 32114) already running
Server URL         : http://localhost:8865/
Server Root        : /tmp/mod_wsgi-localhost:8865:1001
Server Conf        : /tmp/mod_wsgi-localhost:8865:1001/httpd.conf
Error Log File     : /tmp/mod_wsgi-localhost:8865:1001/error_log (warn)
Request Capacity   : 5 (1 process * 5 threads)
Request Timeout    : 60 (seconds)
Startup Timeout    : 15 (seconds)
Queue Backlog      : 100 (connections)
Queue Timeout      : 45 (seconds)
Server Capacity    : 20 (event/worker), 20 (prefork)
Server Backlog     : 500 (connections)
Locale Setting     : en_US.UTF-8
Server URL         : http://localhost:8865/
Server Root        : /tmp/mod_wsgi-localhost:8865:1001
Server Conf        : /tmp/mod_wsgi-localhost:8865:1001/httpd.conf
Error Log File     : /tmp/mod_wsgi-localhost:8865:1001/error_log (warn)
Request Capacity   : 5 (1 process * 5 threads)
Request Timeout    : 60 (seconds)
Startup Timeout    : 15 (seconds)
Queue Backlog      : 100 (connections)
Queue Timeout      : 45 (seconds)
Server Capacity    : 20 (event/worker), 20 (prefork)
Server Backlog     : 500 (connections)
Locale Setting     : en_US.UTF-8
